<?xml version="1.0" encoding="utf-8"?><testsuites><testsuite name="pytest" errors="0" failures="2" skipped="0" tests="10" time="53.103" timestamp="2025-11-27T10:51:41.538134+09:00" hostname="jyk.local"><testcase classname="desktop.test_dt_common" name="test_dt_search_with_common_actions" time="4.557" /><testcase classname="desktop.test_dt_common" name="test_dt_extract_texts_to_json" time="2.143" /><testcase classname="desktop.test_dt_common" name="test_dt_notify_icon_click" time="2.189" /><testcase classname="desktop.test_dt_common" name="test_dt_bring_text_into_view_stock" time="2.669" /><testcase classname="desktop.test_dt_google_naver" name="test_desktop_naver_search_google[chrome]" time="3.183" /><testcase classname="desktop.test_dt_google_naver" name="test_desktop_naver_search_google[msedge]" time="11.125" /><testcase classname="mobile.test_m_common" name="test_m_nav_list_texts_to_json[iPhone 13 Pro]" time="5.079"><failure message="#x1B[0mcheck bool(False): 스크롤 후에도 NAV 화면이 나타나지 않음&#10;#x1B[31mmobile/test_m_common.py#x1B[0m:18 in test_m_nav_list_texts_to_json() -&gt; check.is_true(visible, &quot;스크롤 후에도 NAV 화면이 나타나지 않음&quot;)&#10;&#10;#x1B[31m">#x1B[31mFAILURE: #x1B[0mcheck bool(False): 스크롤 후에도 NAV 화면이 나타나지 않음
#x1B[31mmobile/test_m_common.py#x1B[0m:18 in test_m_nav_list_texts_to_json() -&gt; check.is_true(visible, "스크롤 후에도 NAV 화면이 나타나지 않음")

#x1B[31mFAILURE: #x1B[0mcheck bool(False): NAV_LIST 텍스트가 한 개도 추출되지 않음
------------------------------------------------------------
Failed Checks: 2</failure></testcase><testcase classname="mobile.test_m_common" name="test_m_nav_list_texts_to_json[Pixel 5]" time="5.529"><failure message="#x1B[0mcheck bool(False): 스크롤 후에도 NAV 화면이 나타나지 않음&#10;#x1B[31mmobile/test_m_common.py#x1B[0m:18 in test_m_nav_list_texts_to_json() -&gt; check.is_true(visible, &quot;스크롤 후에도 NAV 화면이 나타나지 않음&quot;)&#10;&#10;#x1B[31m">#x1B[31mFAILURE: #x1B[0mcheck bool(False): 스크롤 후에도 NAV 화면이 나타나지 않음
#x1B[31mmobile/test_m_common.py#x1B[0m:18 in test_m_nav_list_texts_to_json() -&gt; check.is_true(visible, "스크롤 후에도 NAV 화면이 나타나지 않음")

#x1B[31mFAILURE: #x1B[0mcheck bool(False): NAV_LIST 텍스트가 한 개도 추출되지 않음
------------------------------------------------------------
Failed Checks: 2</failure></testcase><testcase classname="mobile.test_m_google_naver" name="test_mobile_naver_search_google[iPhone 13 Pro]" time="4.426" /><testcase classname="mobile.test_m_google_naver" name="test_mobile_naver_search_google[Pixel 5]" time="4.463" /></testsuite></testsuites>