<?xml version="1.0" encoding="utf-8"?><testsuites><testsuite name="pytest" errors="0" failures="6" skipped="0" tests="8" time="35.760" timestamp="2025-11-25T14:26:51.207459+09:00" hostname="jyk.local"><testcase classname="desktop.test_dt_common" name="test_dt_search_with_common_actions" time="1.471"><failure message="ValueError: [ERROR] Locator '&lt;Page url='https://www.naver.com/'&gt;' not found in locators">desktop_page = (&lt;Page url='https://www.naver.com/'&gt;, {'channel': 'chrome', 'platform': 'desktop'}), common = &lt;utils.common.CommonPage object at 0x106db0310&gt;

    @pytest.mark.desktop
    def test_dt_search_with_common_actions(desktop_page, common):
        page, meta = desktop_page
        channel = meta["channel"]
        logger.info(f"[DESKTOP: {channel}] 네이버 메인 접속")
        page.goto("/", wait_until="domcontentloaded")
&gt;       common.wait_for(page, LOCATORS_DESKTOP, "search_box")

desktop/test_dt_common.py:14: 
_ _ _ _ _ _ _ _ _ _ _ _ _ _ _ _ _ _ _ _ _ _ _ _ _ _ _ _ _ _ _ _ _ _ _ _ _ _ _ _ _ _ _ _ _ _ _ _ _ _ _ _ _ _ _ _ _ _ _ _ _ _ _ _ _ _ _ _ _ _ _ _ _ _ _ _ _ _ _ _ _ _ _ _ _ _ _ _ _ _ _ _ _ _ _ _ _ 
utils/common.py:50: in wait_for
    locator = self._get(key)
_ _ _ _ _ _ _ _ _ _ _ _ _ _ _ _ _ _ _ _ _ _ _ _ _ _ _ _ _ _ _ _ _ _ _ _ _ _ _ _ _ _ _ _ _ _ _ _ _ _ _ _ _ _ _ _ _ _ _ _ _ _ _ _ _ _ _ _ _ _ _ _ _ _ _ _ _ _ _ _ _ _ _ _ _ _ _ _ _ _ _ _ _ _ _ _ _ 

self = &lt;utils.common.CommonPage object at 0x106db0310&gt;, key = &lt;Page url='https://www.naver.com/'&gt;

    def _get(self, key: str) -&gt; str:
        locator = self.locators.get(key)
        if not locator:
&gt;           raise ValueError(f"[ERROR] Locator '{key}' not found in locators")
E           ValueError: [ERROR] Locator '&lt;Page url='https://www.naver.com/'&gt;' not found in locators

utils/common.py:18: ValueError</failure></testcase><testcase classname="desktop.test_dt_common" name="test_dt_extract_texts_to_json" time="0.540"><failure message="UnboundLocalError: cannot access local variable 'common' where it is not associated with a value">desktop_page = (&lt;Page url='about:blank'&gt;, {'channel': 'chrome', 'platform': 'desktop'})

    @pytest.mark.desktop
    def test_dt_extract_texts_to_json(desktop_page):
        page, meta = desktop_page
        channel = meta["channel"]
&gt;       common = common(page, LOCATORS_DESKTOP)
E       UnboundLocalError: cannot access local variable 'common' where it is not associated with a value

desktop/test_dt_common.py:30: UnboundLocalError</failure></testcase><testcase classname="desktop.test_dt_google_naver" name="test_desktop_naver_search_google[chrome]" time="5.093"><failure message="playwright._impl._errors.Error: Locator.wait_for: Error: strict mode violation: locator(&quot;a:has-text('Google')&quot;) resolved to 58 elements:&#10;    1) &lt;a nocr=&quot;1&quot; target=&quot;_blank&quot; data-heatmap-target=&quot;.link&quot; href=&quot;https://www.google.co.kr/&quot; class=&quot;fender-ui_228e3bd1 xymEGBxOM8YkkdoJIlrj&quot;&gt;…&lt;/a&gt; aka get_by_role(&quot;link&quot;, name=&quot;Google www.google.co.kr&quot;)&#10;    2) &lt;a nocr=&quot;1&quot; target=&quot;_blank&quot; data-heatmap-target=&quot;.link&quot; href=&quot;https://www.google.co.kr/&quot; class=&quot;fender-ui_228e3bd1 BurcnJoRv24iKLDd6S9p&quot;&gt;…&lt;/a&gt; aka get_by_role(&quot;link&quot;, name=&quot;Google&quot;, exact=True)&#10;    3) &lt;a nocr=&quot;1&quot; target=&quot;_blank&quot; data-heatmap-target=&quot;.rellink&quot; class=&quot;fender-ui_228e3bd1 n1U2BLnwa3Nl5AGFgKE6&quot; href=&quot;https://play.google.com/store/apps/details?id=com.google.android.googlequicksearchbox&quot;&gt;…&lt;/a&gt; aka get_by_role(&quot;link&quot;, name=&quot;Google Play&quot;)&#10;    4) &lt;a nocr=&quot;1&quot; target=&quot;_blank&quot; data-heatmap-target=&quot;.link&quot; href=&quot;https://www.google.co.kr/maps&quot; class=&quot;fender-ui_228e3bd1 mG1RSNsymClYDcqNHSET&quot;&gt;…&lt;/a&gt; aka get_by_role(&quot;link&quot;, name=&quot;Google 지도&quot;, exact=True)&#10;    5) &lt;a nocr=&quot;1&quot; target=&quot;_blank&quot; data-heatmap-target=&quot;.link&quot; href=&quot;https://www.google.ch/&quot; class=&quot;fender-ui_228e3bd1 xymEGBxOM8YkkdoJIlrj&quot;&gt;…&lt;/a&gt; aka get_by_role(&quot;link&quot;, name=&quot;Google www.google.ch&quot;)&#10;    6) &lt;a nocr=&quot;1&quot; target=&quot;_blank&quot; data-heatmap-target=&quot;.link&quot; href=&quot;https://www.google.ch/&quot; class=&quot;fender-ui_228e3bd1 BurcnJoRv24iKLDd6S9p&quot;&gt;…&lt;/a&gt; aka get_by_role(&quot;link&quot;, name=&quot;Google Suisse&quot;)&#10;    7) &lt;a nocr=&quot;1&quot; target=&quot;_blank&quot; data-heatmap-target=&quot;.link&quot; class=&quot;fender-ui_228e3bd1 xymEGBxOM8YkkdoJIlrj&quot; href=&quot;https://www.google.com/?gl=us&amp;hl=en&amp;pws=0&amp;gws_rd=cr&quot;&gt;…&lt;/a&gt; aka get_by_role(&quot;link&quot;, name=&quot;Google www.google.com›cr&quot;)&#10;    8) &lt;a nocr=&quot;1&quot; target=&quot;_blank&quot; data-heatmap-target=&quot;.link&quot; class=&quot;fender-ui_228e3bd1 BurcnJoRv24iKLDd6S9p&quot; href=&quot;https://www.google.com/?gl=us&amp;hl=en&amp;pws=0&amp;gws_rd=cr&quot;&gt;…&lt;/a&gt; aka get_by_role(&quot;link&quot;, name=&quot;Google USA&quot;, exact=True)&#10;    9) &lt;a nocr=&quot;1&quot; target=&quot;_blank&quot; data-heatmap-target=&quot;.link&quot; class=&quot;fender-ui_228e3bd1 mG1RSNsymClYDcqNHSET&quot; href=&quot;https://www.google.com/intl/ko/account/about/&quot;&gt;…&lt;/a&gt; aka get_by_role(&quot;link&quot;, name=&quot;Google 계정&quot;)&#10;    10) &lt;a nocr=&quot;1&quot; target=&quot;_blank&quot; data-heatmap-target=&quot;.blog&quot; class=&quot;fender-ui_228e3bd1 iosNy41yC3EuNKWfIrsT&quot; href=&quot;https://in.naver.com/kingstargirl/contents/internal/889712975809920?areacode=ink*A&amp;query=google&quot;&gt;…&lt;/a&gt; aka get_by_role(&quot;link&quot;, name=&quot;구글미트 사용법 화상회의 google meet 최근판&quot;).first&#10;    ...&#10;&#10;Call log:&#10;  - waiting for locator(&quot;a:has-text('Google')&quot;) to be visible">desktop_page = (&lt;Page url='https://search.naver.com/search.naver?where=nexearch&amp;sm=top_hty&amp;fbm=0&amp;ie=utf8&amp;query=google&amp;ackey=da863j1y'&gt;, {'channel': 'chrome', 'platform': 'desktop'})
common = &lt;utils.common.CommonPage object at 0x106fce750&gt;

    @pytest.mark.desktop
    @pytest.mark.feature("web")
    @pytest.mark.parametrize("desktop_page", ["chrome", "msedge"], indirect=True)
    def test_desktop_naver_search_google(desktop_page, common):
        page, meta = desktop_page
        channel = meta["channel"]
        logger.info(f"===== [{channel}] 네이버 검색 → 구글 이동 테스트 시작 =====")
        logger.info("네이버 메인 페이지 진입")
        page.goto("/", wait_until="domcontentloaded")
        logger.info("'google' 검색어 입력")
        common.wait_for("search_box")
        common.type_text("search_box", "google", clear=True, press_enter=True)
        logger.info("검색 결과 로딩 대기")
        page.wait_for_load_state("networkidle")
        page.wait_for_timeout(500)
        logger.info("구글 링크 클릭")
&gt;       common.wait_for("google_link")

desktop/test_dt_google_naver.py:24: 
_ _ _ _ _ _ _ _ _ _ _ _ _ _ _ _ _ _ _ _ _ _ _ _ _ _ _ _ _ _ _ _ _ _ _ _ _ _ _ _ _ _ _ _ _ _ _ _ _ _ _ _ _ _ _ _ _ _ _ _ _ _ _ _ _ _ _ _ _ _ _ _ _ _ _ _ _ _ _ _ _ _ _ _ _ _ _ _ _ _ _ _ _ _ _ _ _ 
utils/common.py:51: in wait_for
    self.page.locator(locator).wait_for(timeout=timeout, state=state)
.venv/lib/python3.11/site-packages/playwright/sync_api/_generated.py:18005: in wait_for
    self._sync(self._impl_obj.wait_for(timeout=timeout, state=state))
.venv/lib/python3.11/site-packages/playwright/_impl/_locator.py:692: in wait_for
    await self._frame.wait_for_selector(
.venv/lib/python3.11/site-packages/playwright/_impl/_frame.py:369: in wait_for_selector
    await self._channel.send(
.venv/lib/python3.11/site-packages/playwright/_impl/_connection.py:69: in send
    return await self._connection.wrap_api_call(
_ _ _ _ _ _ _ _ _ _ _ _ _ _ _ _ _ _ _ _ _ _ _ _ _ _ _ _ _ _ _ _ _ _ _ _ _ _ _ _ _ _ _ _ _ _ _ _ _ _ _ _ _ _ _ _ _ _ _ _ _ _ _ _ _ _ _ _ _ _ _ _ _ _ _ _ _ _ _ _ _ _ _ _ _ _ _ _ _ _ _ _ _ _ _ _ _ 

self = &lt;playwright._impl._connection.Connection object at 0x1069f3a10&gt;, cb = &lt;function Channel.send.&lt;locals&gt;.&lt;lambda&gt; at 0x106fffba0&gt;, is_internal = False, title = None

    async def wrap_api_call(
        self, cb: Callable[[], Any], is_internal: bool = False, title: str = None
    ) -&gt; Any:
        if self._api_zone.get():
            return await cb()
        task = asyncio.current_task(self._loop)
        st: List[inspect.FrameInfo] = getattr(
            task, "__pw_stack__", None
        ) or inspect.stack(0)
    
        parsed_st = _extract_stack_trace_information_from_stack(st, is_internal, title)
        self._api_zone.set(parsed_st)
        try:
            return await cb()
        except Exception as error:
&gt;           raise rewrite_error(error, f"{parsed_st['apiName']}: {error}") from None
E           playwright._impl._errors.Error: Locator.wait_for: Error: strict mode violation: locator("a:has-text('Google')") resolved to 58 elements:
E               1) &lt;a nocr="1" target="_blank" data-heatmap-target=".link" href="https://www.google.co.kr/" class="fender-ui_228e3bd1 xymEGBxOM8YkkdoJIlrj"&gt;…&lt;/a&gt; aka get_by_role("link", name="Google www.google.co.kr")
E               2) &lt;a nocr="1" target="_blank" data-heatmap-target=".link" href="https://www.google.co.kr/" class="fender-ui_228e3bd1 BurcnJoRv24iKLDd6S9p"&gt;…&lt;/a&gt; aka get_by_role("link", name="Google", exact=True)
E               3) &lt;a nocr="1" target="_blank" data-heatmap-target=".rellink" class="fender-ui_228e3bd1 n1U2BLnwa3Nl5AGFgKE6" href="https://play.google.com/store/apps/details?id=com.google.android.googlequicksearchbox"&gt;…&lt;/a&gt; aka get_by_role("link", name="Google Play")
E               4) &lt;a nocr="1" target="_blank" data-heatmap-target=".link" href="https://www.google.co.kr/maps" class="fender-ui_228e3bd1 mG1RSNsymClYDcqNHSET"&gt;…&lt;/a&gt; aka get_by_role("link", name="Google 지도", exact=True)
E               5) &lt;a nocr="1" target="_blank" data-heatmap-target=".link" href="https://www.google.ch/" class="fender-ui_228e3bd1 xymEGBxOM8YkkdoJIlrj"&gt;…&lt;/a&gt; aka get_by_role("link", name="Google www.google.ch")
E               6) &lt;a nocr="1" target="_blank" data-heatmap-target=".link" href="https://www.google.ch/" class="fender-ui_228e3bd1 BurcnJoRv24iKLDd6S9p"&gt;…&lt;/a&gt; aka get_by_role("link", name="Google Suisse")
E               7) &lt;a nocr="1" target="_blank" data-heatmap-target=".link" class="fender-ui_228e3bd1 xymEGBxOM8YkkdoJIlrj" href="https://www.google.com/?gl=us&amp;hl=en&amp;pws=0&amp;gws_rd=cr"&gt;…&lt;/a&gt; aka get_by_role("link", name="Google www.google.com›cr")
E               8) &lt;a nocr="1" target="_blank" data-heatmap-target=".link" class="fender-ui_228e3bd1 BurcnJoRv24iKLDd6S9p" href="https://www.google.com/?gl=us&amp;hl=en&amp;pws=0&amp;gws_rd=cr"&gt;…&lt;/a&gt; aka get_by_role("link", name="Google USA", exact=True)
E               9) &lt;a nocr="1" target="_blank" data-heatmap-target=".link" class="fender-ui_228e3bd1 mG1RSNsymClYDcqNHSET" href="https://www.google.com/intl/ko/account/about/"&gt;…&lt;/a&gt; aka get_by_role("link", name="Google 계정")
E               10) &lt;a nocr="1" target="_blank" data-heatmap-target=".blog" class="fender-ui_228e3bd1 iosNy41yC3EuNKWfIrsT" href="https://in.naver.com/kingstargirl/contents/internal/889712975809920?areacode=ink*A&amp;query=google"&gt;…&lt;/a&gt; aka get_by_role("link", name="구글미트 사용법 화상회의 google meet 최근판").first
E               ...
E           
E           Call log:
E             - waiting for locator("a:has-text('Google')") to be visible

.venv/lib/python3.11/site-packages/playwright/_impl/_connection.py:559: Error</failure></testcase><testcase classname="desktop.test_dt_google_naver" name="test_desktop_naver_search_google[msedge]" time="10.644"><failure message="playwright._impl._errors.Error: Locator.wait_for: Error: strict mode violation: locator(&quot;a:has-text('Google')&quot;) resolved to 58 elements:&#10;    1) &lt;a nocr=&quot;1&quot; target=&quot;_blank&quot; data-heatmap-target=&quot;.link&quot; href=&quot;https://www.google.co.kr/&quot; class=&quot;fender-ui_228e3bd1 xymEGBxOM8YkkdoJIlrj&quot;&gt;…&lt;/a&gt; aka get_by_role(&quot;link&quot;, name=&quot;Google www.google.co.kr&quot;)&#10;    2) &lt;a nocr=&quot;1&quot; target=&quot;_blank&quot; data-heatmap-target=&quot;.link&quot; href=&quot;https://www.google.co.kr/&quot; class=&quot;fender-ui_228e3bd1 BurcnJoRv24iKLDd6S9p&quot;&gt;…&lt;/a&gt; aka get_by_role(&quot;link&quot;, name=&quot;Google&quot;, exact=True)&#10;    3) &lt;a nocr=&quot;1&quot; target=&quot;_blank&quot; data-heatmap-target=&quot;.rellink&quot; class=&quot;fender-ui_228e3bd1 n1U2BLnwa3Nl5AGFgKE6&quot; href=&quot;https://play.google.com/store/apps/details?id=com.google.android.googlequicksearchbox&quot;&gt;…&lt;/a&gt; aka get_by_role(&quot;link&quot;, name=&quot;Google Play&quot;)&#10;    4) &lt;a nocr=&quot;1&quot; target=&quot;_blank&quot; data-heatmap-target=&quot;.link&quot; href=&quot;https://www.google.co.kr/maps&quot; class=&quot;fender-ui_228e3bd1 mG1RSNsymClYDcqNHSET&quot;&gt;…&lt;/a&gt; aka get_by_role(&quot;link&quot;, name=&quot;Google 지도&quot;, exact=True)&#10;    5) &lt;a nocr=&quot;1&quot; target=&quot;_blank&quot; data-heatmap-target=&quot;.link&quot; href=&quot;https://www.google.ch/&quot; class=&quot;fender-ui_228e3bd1 xymEGBxOM8YkkdoJIlrj&quot;&gt;…&lt;/a&gt; aka get_by_role(&quot;link&quot;, name=&quot;Google www.google.ch&quot;)&#10;    6) &lt;a nocr=&quot;1&quot; target=&quot;_blank&quot; data-heatmap-target=&quot;.link&quot; href=&quot;https://www.google.ch/&quot; class=&quot;fender-ui_228e3bd1 BurcnJoRv24iKLDd6S9p&quot;&gt;…&lt;/a&gt; aka get_by_role(&quot;link&quot;, name=&quot;Google Suisse&quot;)&#10;    7) &lt;a nocr=&quot;1&quot; target=&quot;_blank&quot; data-heatmap-target=&quot;.link&quot; class=&quot;fender-ui_228e3bd1 xymEGBxOM8YkkdoJIlrj&quot; href=&quot;https://www.google.com/?gl=us&amp;hl=en&amp;pws=0&amp;gws_rd=cr&quot;&gt;…&lt;/a&gt; aka get_by_role(&quot;link&quot;, name=&quot;Google www.google.com›cr&quot;)&#10;    8) &lt;a nocr=&quot;1&quot; target=&quot;_blank&quot; data-heatmap-target=&quot;.link&quot; class=&quot;fender-ui_228e3bd1 BurcnJoRv24iKLDd6S9p&quot; href=&quot;https://www.google.com/?gl=us&amp;hl=en&amp;pws=0&amp;gws_rd=cr&quot;&gt;…&lt;/a&gt; aka get_by_role(&quot;link&quot;, name=&quot;Google USA&quot;, exact=True)&#10;    9) &lt;a nocr=&quot;1&quot; target=&quot;_blank&quot; data-heatmap-target=&quot;.link&quot; class=&quot;fender-ui_228e3bd1 mG1RSNsymClYDcqNHSET&quot; href=&quot;https://www.google.com/intl/ko/account/about/&quot;&gt;…&lt;/a&gt; aka get_by_role(&quot;link&quot;, name=&quot;Google 계정&quot;)&#10;    10) &lt;a nocr=&quot;1&quot; target=&quot;_blank&quot; data-heatmap-target=&quot;.blog&quot; class=&quot;fender-ui_228e3bd1 iosNy41yC3EuNKWfIrsT&quot; href=&quot;https://in.naver.com/kingstargirl/contents/internal/889712975809920?areacode=ink*A&amp;query=google&quot;&gt;…&lt;/a&gt; aka get_by_role(&quot;link&quot;, name=&quot;구글미트 사용법 화상회의 google meet 최근판&quot;).first&#10;    ...&#10;&#10;Call log:&#10;  - waiting for locator(&quot;a:has-text('Google')&quot;) to be visible">desktop_page = (&lt;Page url='https://search.naver.com/search.naver?where=nexearch&amp;sm=top_hty&amp;fbm=0&amp;ie=utf8&amp;query=google&amp;ackey=imcs9bg4'&gt;, {'channel': 'msedge', 'platform': 'desktop'})
common = &lt;utils.common.CommonPage object at 0x1081ab4d0&gt;

    @pytest.mark.desktop
    @pytest.mark.feature("web")
    @pytest.mark.parametrize("desktop_page", ["chrome", "msedge"], indirect=True)
    def test_desktop_naver_search_google(desktop_page, common):
        page, meta = desktop_page
        channel = meta["channel"]
        logger.info(f"===== [{channel}] 네이버 검색 → 구글 이동 테스트 시작 =====")
        logger.info("네이버 메인 페이지 진입")
        page.goto("/", wait_until="domcontentloaded")
        logger.info("'google' 검색어 입력")
        common.wait_for("search_box")
        common.type_text("search_box", "google", clear=True, press_enter=True)
        logger.info("검색 결과 로딩 대기")
        page.wait_for_load_state("networkidle")
        page.wait_for_timeout(500)
        logger.info("구글 링크 클릭")
&gt;       common.wait_for("google_link")

desktop/test_dt_google_naver.py:24: 
_ _ _ _ _ _ _ _ _ _ _ _ _ _ _ _ _ _ _ _ _ _ _ _ _ _ _ _ _ _ _ _ _ _ _ _ _ _ _ _ _ _ _ _ _ _ _ _ _ _ _ _ _ _ _ _ _ _ _ _ _ _ _ _ _ _ _ _ _ _ _ _ _ _ _ _ _ _ _ _ _ _ _ _ _ _ _ _ _ _ _ _ _ _ _ _ _ 
utils/common.py:51: in wait_for
    self.page.locator(locator).wait_for(timeout=timeout, state=state)
.venv/lib/python3.11/site-packages/playwright/sync_api/_generated.py:18005: in wait_for
    self._sync(self._impl_obj.wait_for(timeout=timeout, state=state))
.venv/lib/python3.11/site-packages/playwright/_impl/_locator.py:692: in wait_for
    await self._frame.wait_for_selector(
.venv/lib/python3.11/site-packages/playwright/_impl/_frame.py:369: in wait_for_selector
    await self._channel.send(
.venv/lib/python3.11/site-packages/playwright/_impl/_connection.py:69: in send
    return await self._connection.wrap_api_call(
_ _ _ _ _ _ _ _ _ _ _ _ _ _ _ _ _ _ _ _ _ _ _ _ _ _ _ _ _ _ _ _ _ _ _ _ _ _ _ _ _ _ _ _ _ _ _ _ _ _ _ _ _ _ _ _ _ _ _ _ _ _ _ _ _ _ _ _ _ _ _ _ _ _ _ _ _ _ _ _ _ _ _ _ _ _ _ _ _ _ _ _ _ _ _ _ _ 

self = &lt;playwright._impl._connection.Connection object at 0x1069f3a10&gt;, cb = &lt;function Channel.send.&lt;locals&gt;.&lt;lambda&gt; at 0x106d0a8e0&gt;, is_internal = False, title = None

    async def wrap_api_call(
        self, cb: Callable[[], Any], is_internal: bool = False, title: str = None
    ) -&gt; Any:
        if self._api_zone.get():
            return await cb()
        task = asyncio.current_task(self._loop)
        st: List[inspect.FrameInfo] = getattr(
            task, "__pw_stack__", None
        ) or inspect.stack(0)
    
        parsed_st = _extract_stack_trace_information_from_stack(st, is_internal, title)
        self._api_zone.set(parsed_st)
        try:
            return await cb()
        except Exception as error:
&gt;           raise rewrite_error(error, f"{parsed_st['apiName']}: {error}") from None
E           playwright._impl._errors.Error: Locator.wait_for: Error: strict mode violation: locator("a:has-text('Google')") resolved to 58 elements:
E               1) &lt;a nocr="1" target="_blank" data-heatmap-target=".link" href="https://www.google.co.kr/" class="fender-ui_228e3bd1 xymEGBxOM8YkkdoJIlrj"&gt;…&lt;/a&gt; aka get_by_role("link", name="Google www.google.co.kr")
E               2) &lt;a nocr="1" target="_blank" data-heatmap-target=".link" href="https://www.google.co.kr/" class="fender-ui_228e3bd1 BurcnJoRv24iKLDd6S9p"&gt;…&lt;/a&gt; aka get_by_role("link", name="Google", exact=True)
E               3) &lt;a nocr="1" target="_blank" data-heatmap-target=".rellink" class="fender-ui_228e3bd1 n1U2BLnwa3Nl5AGFgKE6" href="https://play.google.com/store/apps/details?id=com.google.android.googlequicksearchbox"&gt;…&lt;/a&gt; aka get_by_role("link", name="Google Play")
E               4) &lt;a nocr="1" target="_blank" data-heatmap-target=".link" href="https://www.google.co.kr/maps" class="fender-ui_228e3bd1 mG1RSNsymClYDcqNHSET"&gt;…&lt;/a&gt; aka get_by_role("link", name="Google 지도", exact=True)
E               5) &lt;a nocr="1" target="_blank" data-heatmap-target=".link" href="https://www.google.ch/" class="fender-ui_228e3bd1 xymEGBxOM8YkkdoJIlrj"&gt;…&lt;/a&gt; aka get_by_role("link", name="Google www.google.ch")
E               6) &lt;a nocr="1" target="_blank" data-heatmap-target=".link" href="https://www.google.ch/" class="fender-ui_228e3bd1 BurcnJoRv24iKLDd6S9p"&gt;…&lt;/a&gt; aka get_by_role("link", name="Google Suisse")
E               7) &lt;a nocr="1" target="_blank" data-heatmap-target=".link" class="fender-ui_228e3bd1 xymEGBxOM8YkkdoJIlrj" href="https://www.google.com/?gl=us&amp;hl=en&amp;pws=0&amp;gws_rd=cr"&gt;…&lt;/a&gt; aka get_by_role("link", name="Google www.google.com›cr")
E               8) &lt;a nocr="1" target="_blank" data-heatmap-target=".link" class="fender-ui_228e3bd1 BurcnJoRv24iKLDd6S9p" href="https://www.google.com/?gl=us&amp;hl=en&amp;pws=0&amp;gws_rd=cr"&gt;…&lt;/a&gt; aka get_by_role("link", name="Google USA", exact=True)
E               9) &lt;a nocr="1" target="_blank" data-heatmap-target=".link" class="fender-ui_228e3bd1 mG1RSNsymClYDcqNHSET" href="https://www.google.com/intl/ko/account/about/"&gt;…&lt;/a&gt; aka get_by_role("link", name="Google 계정")
E               10) &lt;a nocr="1" target="_blank" data-heatmap-target=".blog" class="fender-ui_228e3bd1 iosNy41yC3EuNKWfIrsT" href="https://in.naver.com/kingstargirl/contents/internal/889712975809920?areacode=ink*A&amp;query=google"&gt;…&lt;/a&gt; aka get_by_role("link", name="구글미트 사용법 화상회의 google meet 최근판").first
E               ...
E           
E           Call log:
E             - waiting for locator("a:has-text('Google')") to be visible

.venv/lib/python3.11/site-packages/playwright/_impl/_connection.py:559: Error</failure></testcase><testcase classname="mobile.test_m_common" name="test_m_nav_list_texts_to_json[iPhone 13 Pro]" time="6.706" /><testcase classname="mobile.test_m_common" name="test_m_nav_list_texts_to_json[Pixel 5]" time="7.925" /><testcase classname="mobile.test_m_google_naver" name="test_mobile_naver_search_google[iPhone 13 Pro]" time="0.434"><failure message="playwright._impl._errors.Error: Page.goto: The Internet connection appears to be offline.&#10;Call log:&#10;  - navigating to &quot;https://m.naver.com/&quot;, waiting until &quot;load&quot;">mobile_page = (&lt;Page url='about:blank'&gt;, {'device': 'iPhone 13 Pro', 'platform': 'mobile'}), common = &lt;utils.common.CommonPage object at 0x106ff4610&gt;

    @pytest.mark.mobile
    @pytest.mark.feature("mobile")
    @pytest.mark.parametrize("mobile_page", ["iPhone 13 Pro", "Pixel 5"], indirect=True)
    def test_mobile_naver_search_google(mobile_page, common):
        page, meta = mobile_page
        device = meta.get("device", "mobile")
        logger.info(f"[MOBILE] ({device}) 네이버 검색 -&gt; 구글 이동 테스트")
        logger.info(f"[MOBILE] 네이버 메인 접속")
&gt;       page.goto("/")

mobile/test_m_google_naver.py:17: 
_ _ _ _ _ _ _ _ _ _ _ _ _ _ _ _ _ _ _ _ _ _ _ _ _ _ _ _ _ _ _ _ _ _ _ _ _ _ _ _ _ _ _ _ _ _ _ _ _ _ _ _ _ _ _ _ _ _ _ _ _ _ _ _ _ _ _ _ _ _ _ _ _ _ _ _ _ _ _ _ _ _ _ _ _ _ _ _ _ _ _ _ _ _ _ _ _ 
.venv/lib/python3.11/site-packages/playwright/sync_api/_generated.py:9019: in goto
    self._sync(
.venv/lib/python3.11/site-packages/playwright/_impl/_page.py:555: in goto
    return await self._main_frame.goto(**locals_to_params(locals()))
.venv/lib/python3.11/site-packages/playwright/_impl/_frame.py:153: in goto
    await self._channel.send(
.venv/lib/python3.11/site-packages/playwright/_impl/_connection.py:69: in send
    return await self._connection.wrap_api_call(
_ _ _ _ _ _ _ _ _ _ _ _ _ _ _ _ _ _ _ _ _ _ _ _ _ _ _ _ _ _ _ _ _ _ _ _ _ _ _ _ _ _ _ _ _ _ _ _ _ _ _ _ _ _ _ _ _ _ _ _ _ _ _ _ _ _ _ _ _ _ _ _ _ _ _ _ _ _ _ _ _ _ _ _ _ _ _ _ _ _ _ _ _ _ _ _ _ 

self = &lt;playwright._impl._connection.Connection object at 0x1069f3a10&gt;, cb = &lt;function Channel.send.&lt;locals&gt;.&lt;lambda&gt; at 0x106fff740&gt;, is_internal = False, title = None

    async def wrap_api_call(
        self, cb: Callable[[], Any], is_internal: bool = False, title: str = None
    ) -&gt; Any:
        if self._api_zone.get():
            return await cb()
        task = asyncio.current_task(self._loop)
        st: List[inspect.FrameInfo] = getattr(
            task, "__pw_stack__", None
        ) or inspect.stack(0)
    
        parsed_st = _extract_stack_trace_information_from_stack(st, is_internal, title)
        self._api_zone.set(parsed_st)
        try:
            return await cb()
        except Exception as error:
&gt;           raise rewrite_error(error, f"{parsed_st['apiName']}: {error}") from None
E           playwright._impl._errors.Error: Page.goto: The Internet connection appears to be offline.
E           Call log:
E             - navigating to "https://m.naver.com/", waiting until "load"

.venv/lib/python3.11/site-packages/playwright/_impl/_connection.py:559: Error</failure></testcase><testcase classname="mobile.test_m_google_naver" name="test_mobile_naver_search_google[Pixel 5]" time="0.826"><failure message="playwright._impl._errors.Error: Page.goto: net::ERR_INTERNET_DISCONNECTED at https://m.naver.com/&#10;Call log:&#10;  - navigating to &quot;https://m.naver.com/&quot;, waiting until &quot;load&quot;">mobile_page = (&lt;Page url='about:blank'&gt;, {'device': 'Pixel 5', 'platform': 'mobile'}), common = &lt;utils.common.CommonPage object at 0x10844a850&gt;

    @pytest.mark.mobile
    @pytest.mark.feature("mobile")
    @pytest.mark.parametrize("mobile_page", ["iPhone 13 Pro", "Pixel 5"], indirect=True)
    def test_mobile_naver_search_google(mobile_page, common):
        page, meta = mobile_page
        device = meta.get("device", "mobile")
        logger.info(f"[MOBILE] ({device}) 네이버 검색 -&gt; 구글 이동 테스트")
        logger.info(f"[MOBILE] 네이버 메인 접속")
&gt;       page.goto("/")

mobile/test_m_google_naver.py:17: 
_ _ _ _ _ _ _ _ _ _ _ _ _ _ _ _ _ _ _ _ _ _ _ _ _ _ _ _ _ _ _ _ _ _ _ _ _ _ _ _ _ _ _ _ _ _ _ _ _ _ _ _ _ _ _ _ _ _ _ _ _ _ _ _ _ _ _ _ _ _ _ _ _ _ _ _ _ _ _ _ _ _ _ _ _ _ _ _ _ _ _ _ _ _ _ _ _ 
.venv/lib/python3.11/site-packages/playwright/sync_api/_generated.py:9019: in goto
    self._sync(
.venv/lib/python3.11/site-packages/playwright/_impl/_page.py:555: in goto
    return await self._main_frame.goto(**locals_to_params(locals()))
.venv/lib/python3.11/site-packages/playwright/_impl/_frame.py:153: in goto
    await self._channel.send(
.venv/lib/python3.11/site-packages/playwright/_impl/_connection.py:69: in send
    return await self._connection.wrap_api_call(
_ _ _ _ _ _ _ _ _ _ _ _ _ _ _ _ _ _ _ _ _ _ _ _ _ _ _ _ _ _ _ _ _ _ _ _ _ _ _ _ _ _ _ _ _ _ _ _ _ _ _ _ _ _ _ _ _ _ _ _ _ _ _ _ _ _ _ _ _ _ _ _ _ _ _ _ _ _ _ _ _ _ _ _ _ _ _ _ _ _ _ _ _ _ _ _ _ 

self = &lt;playwright._impl._connection.Connection object at 0x1069f3a10&gt;, cb = &lt;function Channel.send.&lt;locals&gt;.&lt;lambda&gt; at 0x106d0b880&gt;, is_internal = False, title = None

    async def wrap_api_call(
        self, cb: Callable[[], Any], is_internal: bool = False, title: str = None
    ) -&gt; Any:
        if self._api_zone.get():
            return await cb()
        task = asyncio.current_task(self._loop)
        st: List[inspect.FrameInfo] = getattr(
            task, "__pw_stack__", None
        ) or inspect.stack(0)
    
        parsed_st = _extract_stack_trace_information_from_stack(st, is_internal, title)
        self._api_zone.set(parsed_st)
        try:
            return await cb()
        except Exception as error:
&gt;           raise rewrite_error(error, f"{parsed_st['apiName']}: {error}") from None
E           playwright._impl._errors.Error: Page.goto: net::ERR_INTERNET_DISCONNECTED at https://m.naver.com/
E           Call log:
E             - navigating to "https://m.naver.com/", waiting until "load"

.venv/lib/python3.11/site-packages/playwright/_impl/_connection.py:559: Error</failure></testcase></testsuite></testsuites>